<?xml version="1.0" encoding="UTF-8"?>
<!-- Generated by org.testng.reporters.JUnitXMLReporter -->
<testsuite ignored="2" hostname="DESKTOP-252DBBN" failures="0" tests="6" name="Test" time="31.349" errors="0" timestamp="2025-06-19T14:41:32 IST">
  <testcase classname="com.b2b.stuman.StudentInfo.StudentDetailsTest" name="addStudent" time="0.03"/>
  <testcase classname="com.b2b.stuman.StudentInfo.StudentDetailsTest" name="removeStudent" time="0.009"/>
  <testcase classname="com.b2b.stuman.StudentInfo.StudentDetailsTest" name="updateStudentDetails" time="0.03"/>
  <testcase classname="com.b2b.stuman.companyInfo.CompanyDetailsTest" name="addCompany" time="0.002"/>
  <testcase classname="com.b2b.stuman.companyInfo.CompanyDetailsTest" name="deleteCompany" time="0.001"/>
  <testcase classname="com.b2b.stuman.companyInfo.CompanyDetailsTest" name="updatecompanyDetails" time="0.012"/>
  <testcase classname="com.b2b.stuman.baseTest.BaseClass" name="@BeforeSuite connToDb" time="0.0">
    <ignored/>
  </testcase> <!-- @BeforeSuite connToDb -->
  <testcase classname="com.b2b.stuman.baseTest.BaseClass" name="@AfterSuite colseDb" time="0.0">
    <ignored/>
  </testcase> <!-- @AfterSuite colseDb -->
</testsuite> <!-- Test -->
