<?xml version="1.0" encoding="UTF-8"?>
<!-- Generated by org.testng.reporters.JUnitXMLReporter -->
<testsuite ignored="0" hostname="DESKTOP-252DBBN" failures="0" tests="3" name="Test1" time="32.283" errors="0" timestamp="2025-06-19T14:38:46 IST">
  <testcase classname="com.b2b.stuman.StudentInfo.StudentDetailsTest" name="addStudent" time="0.02"/>
  <testcase classname="com.b2b.stuman.StudentInfo.StudentDetailsTest" name="removeStudent" time="0.147"/>
  <testcase classname="com.b2b.stuman.StudentInfo.StudentDetailsTest" name="updateStudentDetails" time="0.0"/>
</testsuite> <!-- Test1 -->
