<?xml version="1.0" encoding="UTF-8"?>
<!-- Generated by org.testng.reporters.JUnitReportReporter -->
<testsuite hostname="DESKTOP-252DBBN" failures="0" tests="3" name="com.b2b.stuman.StudentInfo.StudentDetailsTest" time="11.447" errors="0" timestamp="2025-06-19T14:41:33 IST" skipped="0">
  <testcase classname="com.b2b.stuman.StudentInfo.StudentDetailsTest" name="addStudent" time="5.341"/>
  <testcase classname="com.b2b.stuman.StudentInfo.StudentDetailsTest" name="updateStudentDetails" time="3.798"/>
  <testcase classname="com.b2b.stuman.StudentInfo.StudentDetailsTest" name="removeStudent" time="2.308"/>
</testsuite> <!-- com.b2b.stuman.StudentInfo.StudentDetailsTest -->
