<?xml version="1.0" encoding="UTF-8"?>
<!-- Generated by org.testng.reporters.JUnitReportReporter -->
<testsuite hostname="DESKTOP-252DBBN" failures="0" tests="3" name="com.b2b.stuman.companyInfo.CompanyDetailsTest" time="12.903" errors="0" timestamp="2025-06-19T14:41:33 IST" skipped="0">
  <testcase classname="com.b2b.stuman.companyInfo.CompanyDetailsTest" name="updatecompanyDetails" time="5.139"/>
  <testcase classname="com.b2b.stuman.companyInfo.CompanyDetailsTest" name="deleteCompany" time="3.712"/>
  <testcase classname="com.b2b.stuman.companyInfo.CompanyDetailsTest" name="addCompany" time="4.052"/>
</testsuite> <!-- com.b2b.stuman.companyInfo.CompanyDetailsTest -->
